<?xml version="1.0" encoding="utf-8" standalone="no"?>
<!--This file represents the results of running a test suite-->
<test-results name="C:\Users\ThiagO\Documents\Facul\6º periodo\Laboratório de Desenvolvimento de Sistemas\Brazucas\C+¦digo\Brazucas\Brazucas.sln" total="1" errors="0" failures="0" not-run="0" inconclusive="0" ignored="0" skipped="0" invalid="0" date="2013-05-26" time="21:12:30">
  <environment nunit-version="2.6.2.12296" clr-version="2.0.50727.5466" os-version="Microsoft Windows NT 6.1.7601 Service Pack 1" platform="Win32NT" cwd="C:\Program Files (x86)\NUnit 2.6.2\bin" machine-name="THIAGO-ULTRA" user="ThiagO" user-domain="THIAGO-ULTRA" />
  <culture-info current-culture="pt-BR" current-uiculture="pt-BR" />
  <test-suite type="Project" name="C:\Users\ThiagO\Documents\Facul\6º periodo\Laboratório de Desenvolvimento de Sistemas\Brazucas\C+¦digo\Brazucas\Brazucas.sln" executed="True" result="Success" success="True" time="0.105" asserts="0">
    <results>
      <test-suite type="Assembly" name="C:\Users\ThiagO\Documents\Facul\6º periodo\Laboratório de Desenvolvimento de Sistemas\Brazucas\C+¦digo\Brazucas\Brazucas\bin\Brazucas.dll" executed="True" result="Success" success="True" time="0.079" asserts="0">
        <results>
          <test-suite type="Namespace" name="Brazucas" executed="True" result="Success" success="True" time="0.079" asserts="0">
            <results>
              <test-suite type="TestFixture" name="TesteBolao" executed="True" result="Success" success="True" time="0.067" asserts="0">
                <results>
                  <test-case name="Brazucas.TesteBolao.TesteBolao1" executed="True" result="Success" success="True" time="0.048" asserts="3" />
                </results>
              </test-suite>
            </results>
          </test-suite>
        </results>
      </test-suite>
    </results>
  </test-suite>
</test-results>